d:\game proggraming\mit-computer-graphics-course\assignment 1\release\vc140.pdb
d:\game proggraming\mit-computer-graphics-course\assignment 1\release\vector4f.obj
d:\game proggraming\mit-computer-graphics-course\assignment 1\release\vector3f.obj
d:\game proggraming\mit-computer-graphics-course\assignment 1\release\vector2f.obj
d:\game proggraming\mit-computer-graphics-course\assignment 1\release\quat4f.obj
d:\game proggraming\mit-computer-graphics-course\assignment 1\release\matrix4f.obj
d:\game proggraming\mit-computer-graphics-course\assignment 1\release\matrix3f.obj
d:\game proggraming\mit-computer-graphics-course\assignment 1\release\matrix2f.obj
d:\game proggraming\mit-computer-graphics-course\assignment 1\release\main.obj
d:\game proggraming\mit-computer-graphics-course\assignment 1\release\zero.exe
d:\game proggraming\mit-computer-graphics-course\assignment 1\release\zero.pdb
d:\game proggraming\mit-computer-graphics-course\assignment 1\release\garg.obj
d:\game proggraming\mit-computer-graphics-course\assignment 1\release\sphere.obj
d:\game proggraming\mit-computer-graphics-course\assignment 1\release\torus.obj
d:\game proggraming\mit-computer-graphics-course\assignment 1\release\zero.tlog\cl.command.1.tlog
d:\game proggraming\mit-computer-graphics-course\assignment 1\release\zero.tlog\cl.read.1.tlog
d:\game proggraming\mit-computer-graphics-course\assignment 1\release\zero.tlog\cl.write.1.tlog
d:\game proggraming\mit-computer-graphics-course\assignment 1\release\zero.tlog\link.command.1.tlog
d:\game proggraming\mit-computer-graphics-course\assignment 1\release\zero.tlog\link.read.1.tlog
d:\game proggraming\mit-computer-graphics-course\assignment 1\release\zero.tlog\link.write.1.tlog
