Build started 22/10/2015 10:24:30 PM.
     1>Project "E:\Game Programing\MIT Computer Graphics\Assignment 1\zero.vcxproj" on node 2 (Build target(s)).
     1>ClCompile:
         E:\Program Files (x86)\Microsoft Visual Studio 14.0\VC\bin\CL.exe /c /Zi /nologo /W3 /WX- /O2 /Oy- /D WIN32 /D NDEBUG /D _WINDOWS /Gm- /EHsc /MD /GS /fp:precise /Zc:wchar_t /Zc:forScope /Zc:inline /Fo"Release\\" /Fd"Release\vc140.pdb" /Gd /TP /analyze- /errorReport:prompt main.cpp
         main.cpp
     1>main.cpp(120): warning C4838: conversion from 'double' to 'GLfloat' requires a narrowing conversion
     1>main.cpp(120): warning C4305: 'initializing': truncation from 'double' to 'GLfloat'
     1>main.cpp(99): warning C4101: 'i': unreferenced local variable
       Link:
         E:\Program Files (x86)\Microsoft Visual Studio 14.0\VC\bin\link.exe /ERRORREPORT:PROMPT /OUT:"E:\Game Programing\MIT Computer Graphics\Assignment 1\Release\zero.exe" /INCREMENTAL /NOLOGO freeglut.lib kernel32.lib user32.lib gdi32.lib winspool.lib comdlg32.lib advapi32.lib shell32.lib ole32.lib oleaut32.lib uuid.lib odbc32.lib odbccp32.lib /MANIFEST /MANIFESTUAC:"level='asInvoker' uiAccess='false'" /manifest:embed /Debug /PDB:"E:\Game Programing\MIT Computer Graphics\Assignment 1\Release\zero.pdb" /SUBSYSTEM:CONSOLE /OPT:REF /OPT:ICF /TLBID:1 /DYNAMICBASE /NXCOMPAT /IMPLIB:"E:\Game Programing\MIT Computer Graphics\Assignment 1\Release\zero.lib" /MACHINE:X86 /SAFESEH Release\main.obj
         Release\Matrix2f.obj
         Release\Matrix3f.obj
         Release\Matrix4f.obj
         Release\Quat4f.obj
         Release\Vector2f.obj
         Release\Vector3f.obj
         Release\Vector4f.obj
     1>LINK : warning LNK4075: ignoring '/INCREMENTAL' due to '/OPT:ICF' specification
         zero.vcxproj -> E:\Game Programing\MIT Computer Graphics\Assignment 1\Release\zero.exe
     1>Done Building Project "E:\Game Programing\MIT Computer Graphics\Assignment 1\zero.vcxproj" (Build target(s)).

Build succeeded.

Time Elapsed 00:00:00.80
